
2023/09/10 (23:02:16) | ===> btop++ v.1.2.13
2023/09/10 (23:02:16) | ERROR: Stall in Runner thread, restarting!
2023/09/10 (23:43:02) | WARNING: Failed to join _runner thread on exit!

2023/11/16 (12:18:11) | ===> btop++ v.1.2.13
2023/11/16 (12:18:11) | ERROR: Stall in Runner thread, restarting!

2024/04/17 (02:14:21) | ===> btop++ v.1.3.2
2024/04/17 (02:14:21) | ERROR: Stall in Runner thread, restarting!

2024/06/04 (01:28:43) | ===> btop++ v.1.3.2
2024/06/04 (01:28:43) | ERROR: Stall in Runner thread, restarting!

2024/06/28 (22:16:36) | ===> btop++ v.1.3.2
2024/06/28 (22:16:36) | WARNING: Failed to get disk/partition stats for mount "/media/Media\134x20Files" with statvfs error code: 2. Ignoring...

2024/06/29 (22:11:47) | ===> btop++ v.1.3.2
2024/06/29 (22:11:47) | WARNING: Failed to get disk/partition stats for mount "/media/Media\134x20Files" with statvfs error code: 2. Ignoring...

2024/06/29 (22:16:32) | ===> btop++ v.1.3.2
2024/06/29 (22:16:32) | WARNING: Failed to get disk/partition stats for mount "/media/Media\134x20Files" with statvfs error code: 2. Ignoring...

2024/07/02 (15:04:23) | ===> btop++ v.1.3.2
2024/07/02 (15:04:23) | WARNING: Failed to get disk/partition stats for mount "/media/Media\134x20Files" with statvfs error code: 2. Ignoring...

2024/07/03 (11:17:41) | ===> btop++ v.1.3.2
2024/07/03 (11:17:41) | WARNING: Failed to get disk/partition stats for mount "/media/Media\134x20Files" with statvfs error code: 2. Ignoring...

2024/07/03 (20:59:37) | ===> btop++ v.1.3.2
2024/07/03 (20:59:37) | WARNING: Failed to get disk/partition stats for mount "/media/Media\040Files" with statvfs error code: 2. Ignoring...

2024/07/04 (01:03:13) | ===> btop++ v.1.3.2
2024/07/04 (01:03:13) | WARNING: Failed to get disk/partition stats for mount "/media/Media\040Files" with statvfs error code: 2. Ignoring...

2024/07/04 (01:03:27) | ===> btop++ v.1.3.2
2024/07/04 (01:03:27) | WARNING: Failed to get disk/partition stats for mount "/media/Media\040Files" with statvfs error code: 2. Ignoring...

2024/07/04 (01:05:47) | ===> btop++ v.1.3.2
2024/07/04 (01:05:47) | WARNING: Failed to get disk/partition stats for mount "/media/Media\040Files" with statvfs error code: 2. Ignoring...

2024/07/04 (01:26:45) | ===> btop++ v.1.3.2
2024/07/04 (01:26:45) | WARNING: Failed to get disk/partition stats for mount "/media/Media\040Files" with statvfs error code: 2. Ignoring...

2024/07/04 (12:52:59) | ===> btop++ v.1.3.2
2024/07/04 (12:52:59) | WARNING: Failed to get disk/partition stats for mount "/media/Media\040Files" with statvfs error code: 2. Ignoring...

2024/07/04 (23:58:15) | ===> btop++ v.1.3.2
2024/07/04 (23:58:15) | WARNING: Failed to get disk/partition stats for mount "/media/Media\040Files" with statvfs error code: 2. Ignoring...

2024/07/07 (21:49:14) | ===> btop++ v.1.3.2
2024/07/07 (21:49:14) | WARNING: Failed to get disk/partition stats for mount "/media/Media\040Files" with statvfs error code: 2. Ignoring...

2024/07/07 (21:50:15) | ===> btop++ v.1.3.2
2024/07/07 (21:50:15) | WARNING: Failed to get disk/partition stats for mount "/media/Media\040Files" with statvfs error code: 2. Ignoring...

2024/07/07 (21:50:22) | ===> btop++ v.1.3.2
2024/07/07 (21:50:22) | WARNING: Failed to get disk/partition stats for mount "/media/Media\040Files" with statvfs error code: 2. Ignoring...

2024/07/07 (22:48:47) | ===> btop++ v.1.3.2
2024/07/07 (22:48:47) | WARNING: Failed to get disk/partition stats for mount "/media/Media\040Files" with statvfs error code: 2. Ignoring...

2024/07/09 (01:30:15) | ===> btop++ v.1.3.2
2024/07/09 (01:30:15) | WARNING: Failed to get disk/partition stats for mount "/media/Media\040Files" with statvfs error code: 2. Ignoring...

2024/07/09 (18:30:29) | ===> btop++ v.1.3.2
2024/07/09 (18:30:29) | WARNING: Failed to get disk/partition stats for mount "/media/Media\040Files" with statvfs error code: 2. Ignoring...

2024/07/12 (17:54:12) | ===> btop++ v.1.3.2
2024/07/12 (17:54:12) | WARNING: Failed to get disk/partition stats for mount "/media/Media\040Files" with statvfs error code: 2. Ignoring...

2024/07/12 (17:54:18) | ===> btop++ v.1.3.2
2024/07/12 (17:54:18) | WARNING: Failed to get disk/partition stats for mount "/media/Media\040Files" with statvfs error code: 2. Ignoring...
2024/07/12 (18:01:15) | ERROR: Stall in Runner thread, restarting!

2024/07/16 (23:56:11) | ===> btop++ v.1.3.2
2024/07/16 (23:56:11) | WARNING: Failed to get disk/partition stats for mount "/media/Media\040Files" with statvfs error code: 2. Ignoring...

2024/07/18 (12:56:38) | ===> btop++ v.1.3.2
2024/07/18 (12:56:38) | WARNING: Failed to get disk/partition stats for mount "/media/Media\040Files" with statvfs error code: 2. Ignoring...

2024/07/19 (08:39:36) | ===> btop++ v.1.3.2
2024/07/19 (08:39:36) | WARNING: Failed to get disk/partition stats for mount "/media/Media\040Files" with statvfs error code: 2. Ignoring...

2024/07/20 (11:14:45) | ===> btop++ v.1.3.2
2024/07/20 (11:14:45) | WARNING: Failed to get disk/partition stats for mount "/media/Media\040Files" with statvfs error code: 2. Ignoring...

2024/07/20 (21:50:45) | ===> btop++ v.1.3.2
2024/07/20 (21:50:45) | WARNING: Failed to get disk/partition stats for mount "/media/Media\040Files" with statvfs error code: 2. Ignoring...

2024/07/21 (14:15:08) | ===> btop++ v.1.3.2
2024/07/21 (14:15:08) | WARNING: Failed to get disk/partition stats for mount "/media/Media\040Files" with statvfs error code: 2. Ignoring...

2024/07/22 (12:00:29) | ===> btop++ v.1.3.2
2024/07/22 (12:00:29) | WARNING: Failed to get disk/partition stats for mount "/media/Media\040Files" with statvfs error code: 2. Ignoring...

2024/07/22 (22:12:16) | ===> btop++ v.1.3.2
2024/07/22 (22:12:16) | WARNING: Failed to get disk/partition stats for mount "/media/Media\040Files" with statvfs error code: 2. Ignoring...

2024/07/23 (18:45:19) | ===> btop++ v.1.3.2
2024/07/23 (18:45:19) | WARNING: Failed to get disk/partition stats for mount "/media/Media\040Files" with statvfs error code: 2. Ignoring...

2024/07/23 (20:35:31) | ===> btop++ v.1.3.2
2024/07/23 (20:35:31) | WARNING: Failed to get disk/partition stats for mount "/media/Media\040Files" with statvfs error code: 2. Ignoring...

2024/07/24 (11:09:02) | ===> btop++ v.1.3.2
2024/07/24 (11:09:02) | WARNING: Failed to get disk/partition stats for mount "/media/Media\040Files" with statvfs error code: 2. Ignoring...

2024/07/26 (11:24:24) | ===> btop++ v.1.3.2
2024/07/26 (11:24:24) | WARNING: Failed to get disk/partition stats for mount "/media/Media\040Files" with statvfs error code: 2. Ignoring...

2024/07/29 (11:25:38) | ===> btop++ v.1.3.2
2024/07/29 (11:25:38) | WARNING: Failed to get disk/partition stats for mount "/media/Media\040Files" with statvfs error code: 2. Ignoring...

2024/07/30 (14:20:19) | ===> btop++ v.1.3.2
2024/07/30 (14:20:19) | WARNING: Failed to get disk/partition stats for mount "/media/Media\040Files" with statvfs error code: 2. Ignoring...
2024/07/30 (14:25:46) | ERROR: Stall in Runner thread, restarting!

2024/07/30 (15:00:54) | ===> btop++ v.1.3.2
2024/07/30 (15:00:54) | WARNING: Failed to get disk/partition stats for mount "/media/Media\040Files" with statvfs error code: 2. Ignoring...

2024/07/31 (14:50:43) | ===> btop++ v.1.3.2
2024/07/31 (14:50:43) | WARNING: Failed to get disk/partition stats for mount "/media/Media\040Files" with statvfs error code: 2. Ignoring...

2024/08/02 (21:29:21) | ===> btop++ v.1.3.2
2024/08/02 (21:29:21) | WARNING: Failed to get disk/partition stats for mount "/media/Media\040Files" with statvfs error code: 2. Ignoring...

2024/08/02 (23:42:49) | ===> btop++ v.1.3.2
2024/08/02 (23:42:49) | WARNING: Failed to get disk/partition stats for mount "/media/Media\040Files" with statvfs error code: 2. Ignoring...

2024/08/02 (23:51:44) | ===> btop++ v.1.3.2
2024/08/02 (23:51:44) | WARNING: Failed to get disk/partition stats for mount "/media/Media\040Files" with statvfs error code: 2. Ignoring...

2024/08/04 (10:31:09) | ===> btop++ v.1.3.2
2024/08/04 (10:31:09) | WARNING: Failed to get disk/partition stats for mount "/media/Media\040Files" with statvfs error code: 2. Ignoring...

2024/08/04 (15:33:18) | ===> btop++ v.1.3.2
2024/08/04 (15:33:18) | WARNING: Failed to get disk/partition stats for mount "/media/Media\040Files" with statvfs error code: 2. Ignoring...

2024/08/05 (02:33:52) | ===> btop++ v.1.3.2
2024/08/05 (02:33:52) | WARNING: Failed to get disk/partition stats for mount "/media/Media\040Files" with statvfs error code: 2. Ignoring...

2024/08/06 (15:52:42) | ===> btop++ v.1.3.2
2024/08/06 (15:52:42) | WARNING: Failed to get disk/partition stats for mount "/media/Media\040Files" with statvfs error code: 2. Ignoring...

2024/08/06 (22:12:58) | ===> btop++ v.1.3.2
2024/08/06 (22:12:58) | WARNING: Failed to get disk/partition stats for mount "/media/Media\040Files" with statvfs error code: 2. Ignoring...

2024/08/08 (14:44:56) | ===> btop++ v.1.3.2
2024/08/08 (14:44:56) | WARNING: Failed to get disk/partition stats for mount "/media/Media\040Files" with statvfs error code: 2. Ignoring...

2024/08/08 (22:19:37) | ===> btop++ v.1.3.2
2024/08/08 (22:19:37) | WARNING: Failed to get disk/partition stats for mount "/media/Media\040Files" with statvfs error code: 2. Ignoring...

2024/08/09 (06:34:36) | ===> btop++ v.1.3.2
2024/08/09 (06:34:36) | WARNING: Failed to get disk/partition stats for mount "/media/Media\040Files" with statvfs error code: 2. Ignoring...

2024/08/09 (23:54:44) | ===> btop++ v.1.3.2
2024/08/09 (23:54:44) | WARNING: Failed to get disk/partition stats for mount "/media/Media\040Files" with statvfs error code: 2. Ignoring...

2024/08/10 (22:18:43) | ===> btop++ v.1.3.2
2024/08/10 (22:18:43) | WARNING: Failed to get disk/partition stats for mount "/media/Media\040Files" with statvfs error code: 2. Ignoring...

2024/08/10 (22:24:58) | ===> btop++ v.1.3.2
2024/08/10 (22:24:58) | WARNING: Failed to get disk/partition stats for mount "/media/Media\040Files" with statvfs error code: 2. Ignoring...

2024/08/10 (22:37:15) | ===> btop++ v.1.3.2
2024/08/10 (22:37:15) | WARNING: Failed to get disk/partition stats for mount "/media/Media\040Files" with statvfs error code: 2. Ignoring...

2024/08/11 (01:02:15) | ===> btop++ v.1.3.2
2024/08/11 (01:02:15) | WARNING: Failed to get disk/partition stats for mount "/media/Media\040Files" with statvfs error code: 2. Ignoring...

2024/08/11 (01:07:22) | ===> btop++ v.1.3.2
2024/08/11 (01:07:22) | WARNING: Failed to get disk/partition stats for mount "/media/Media\040Files" with statvfs error code: 2. Ignoring...

2024/08/13 (20:14:12) | ===> btop++ v.1.3.2
2024/08/13 (20:14:12) | WARNING: Failed to get disk/partition stats for mount "/media/Media\040Files" with statvfs error code: 2. Ignoring...

2024/08/14 (18:12:23) | ===> btop++ v.1.3.2
2024/08/14 (18:12:23) | WARNING: Failed to get disk/partition stats for mount "/media/Media\040Files" with statvfs error code: 2. Ignoring...

2024/08/16 (01:47:38) | ===> btop++ v.1.3.2
2024/08/16 (01:47:38) | WARNING: Failed to get disk/partition stats for mount "/media/Media\040Files" with statvfs error code: 2. Ignoring...

2024/08/16 (01:50:46) | ===> btop++ v.1.3.2
2024/08/16 (01:50:46) | WARNING: Failed to get disk/partition stats for mount "/media/Media\040Files" with statvfs error code: 2. Ignoring...

2024/08/16 (12:14:05) | ===> btop++ v.1.3.2
2024/08/16 (12:14:05) | WARNING: Failed to get disk/partition stats for mount "/media/Media\040Files" with statvfs error code: 2. Ignoring...

2024/08/17 (13:14:55) | ===> btop++ v.1.3.2
2024/08/17 (13:14:55) | WARNING: Failed to get disk/partition stats for mount "/media/Media\040Files" with statvfs error code: 2. Ignoring...

2024/08/18 (14:06:24) | ===> btop++ v.1.3.2
2024/08/18 (14:06:24) | WARNING: Failed to get disk/partition stats for mount "/media/Media\040Files" with statvfs error code: 2. Ignoring...

2024/08/20 (12:28:45) | ===> btop++ v.1.3.2
2024/08/20 (12:28:45) | WARNING: Failed to get disk/partition stats for mount "/media/Media\040Files" with statvfs error code: 2. Ignoring...

2024/08/20 (12:48:54) | ===> btop++ v.1.3.2
2024/08/20 (12:48:54) | WARNING: Failed to get disk/partition stats for mount "/media/Media\040Files" with statvfs error code: 2. Ignoring...

2024/08/25 (00:03:58) | ===> btop++ v.1.3.2
2024/08/25 (00:03:58) | WARNING: Failed to get disk/partition stats for mount "/media/Media\040Files" with statvfs error code: 2. Ignoring...
2024/08/25 (00:04:02) | ERROR: Couldn't determine terminal size of "STDOUT_FILENO"!
2024/08/25 (00:04:02) | ERROR: Couldn't determine terminal size of "/dev/tty"!

2024/08/25 (00:04:06) | ===> btop++ v.1.3.2
2024/08/25 (00:04:06) | WARNING: Failed to get disk/partition stats for mount "/media/Media\040Files" with statvfs error code: 2. Ignoring...

2024/08/25 (08:50:36) | ===> btop++ v.1.3.2
2024/08/25 (08:50:36) | WARNING: Failed to get disk/partition stats for mount "/media/Media\040Files" with statvfs error code: 2. Ignoring...

2024/08/25 (15:09:01) | ===> btop++ v.1.3.2
2024/08/25 (15:09:01) | WARNING: Failed to get disk/partition stats for mount "/media/Media\040Files" with statvfs error code: 2. Ignoring...

2024/08/25 (19:40:44) | ===> btop++ v.1.3.2
2024/08/25 (19:40:44) | WARNING: Failed to get disk/partition stats for mount "/media/Media\040Files" with statvfs error code: 2. Ignoring...

2024/08/29 (08:30:22) | ===> btop++ v.1.3.2
2024/08/29 (08:30:22) | WARNING: Failed to get disk/partition stats for mount "/media/Media\040Files" with statvfs error code: 2. Ignoring...

2024/08/30 (10:17:23) | ===> btop++ v.1.3.2
2024/08/30 (10:17:23) | WARNING: Failed to get disk/partition stats for mount "/media/Media\040Files" with statvfs error code: 2. Ignoring...

2024/08/30 (10:24:48) | ===> btop++ v.1.3.2
2024/08/30 (10:24:48) | WARNING: Failed to get disk/partition stats for mount "/media/Media\040Files" with statvfs error code: 2. Ignoring...

2024/08/31 (10:42:26) | ===> btop++ v.1.3.2
2024/08/31 (10:42:26) | WARNING: Failed to get disk/partition stats for mount "/media/Media\040Files" with statvfs error code: 2. Ignoring...

2024/08/31 (21:31:06) | ===> btop++ v.1.3.2
2024/08/31 (21:31:06) | WARNING: Failed to get disk/partition stats for mount "/media/Media\040Files" with statvfs error code: 2. Ignoring...

2024/09/01 (08:48:11) | ===> btop++ v.1.3.2
2024/09/01 (08:48:11) | WARNING: Failed to get disk/partition stats for mount "/media/Media\040Files" with statvfs error code: 2. Ignoring...

2024/09/01 (15:34:18) | ===> btop++ v.1.3.2
2024/09/01 (15:34:18) | WARNING: Failed to get disk/partition stats for mount "/media/Media\040Files" with statvfs error code: 2. Ignoring...

2024/09/03 (12:16:40) | ===> btop++ v.1.3.2
2024/09/03 (12:16:40) | WARNING: Failed to get disk/partition stats for mount "/media/Media\040Files" with statvfs error code: 2. Ignoring...

2024/09/04 (11:16:16) | ===> btop++ v.1.3.2
2024/09/04 (11:16:16) | WARNING: Failed to get disk/partition stats for mount "/media/Media\040Files" with statvfs error code: 2. Ignoring...

2024/09/06 (11:32:08) | ===> btop++ v.1.3.2
2024/09/06 (11:32:08) | WARNING: Failed to get disk/partition stats for mount "/media/Media\040Files" with statvfs error code: 2. Ignoring...

2024/09/06 (14:42:25) | ===> btop++ v.1.3.2
2024/09/06 (14:42:25) | WARNING: Failed to get disk/partition stats for mount "/media/Media\040Files" with statvfs error code: 2. Ignoring...

2024/09/06 (16:50:08) | ===> btop++ v.1.3.2
2024/09/06 (16:50:08) | WARNING: Failed to get disk/partition stats for mount "/media/Media\040Files" with statvfs error code: 2. Ignoring...

2024/09/08 (22:10:01) | ===> btop++ v.1.3.2
2024/09/08 (22:10:01) | WARNING: Failed to get disk/partition stats for mount "/media/Media\040Files" with statvfs error code: 2. Ignoring...

2024/09/11 (00:01:08) | ===> btop++ v.1.3.2
2024/09/11 (00:01:08) | WARNING: Failed to get disk/partition stats for mount "/media/Media\040Files" with statvfs error code: 2. Ignoring...

2024/09/15 (11:44:02) | ===> btop++ v.1.3.2
2024/09/15 (11:44:02) | WARNING: Failed to get disk/partition stats for mount "/media/Media\040Files" with statvfs error code: 2. Ignoring...

2024/09/16 (08:38:40) | ===> btop++ v.1.3.2
2024/09/16 (08:38:40) | WARNING: Failed to get disk/partition stats for mount "/media/Media\040Files" with statvfs error code: 2. Ignoring...

2024/09/16 (08:52:26) | ===> btop++ v.1.3.2
2024/09/16 (08:52:26) | WARNING: Failed to get disk/partition stats for mount "/media/Media\040Files" with statvfs error code: 2. Ignoring...

2024/09/16 (22:36:59) | ===> btop++ v.1.3.2
2024/09/16 (22:36:59) | WARNING: Failed to get disk/partition stats for mount "/media/Media\040Files" with statvfs error code: 2. Ignoring...

2024/09/18 (13:50:19) | ===> btop++ v.1.3.2
2024/09/18 (13:50:19) | WARNING: Failed to get disk/partition stats for mount "/media/Media\040Files" with statvfs error code: 2. Ignoring...

2024/09/21 (11:58:07) | ===> btop++ v.1.3.2
2024/09/21 (11:58:07) | WARNING: Failed to get disk/partition stats for mount "/media/Media\040Files" with statvfs error code: 2. Ignoring...

2024/09/21 (15:50:36) | ===> btop++ v.1.3.2
2024/09/21 (15:50:36) | WARNING: Failed to get disk/partition stats for mount "/media/Media\040Files" with statvfs error code: 2. Ignoring...

2024/09/22 (01:06:18) | ===> btop++ v.1.3.2
2024/09/22 (01:06:18) | WARNING: Failed to get disk/partition stats for mount "/media/Media\040Files" with statvfs error code: 2. Ignoring...

2024/09/23 (23:48:22) | ===> btop++ v.1.4.0
2024/09/23 (23:48:22) | WARNING: Failed to get disk/partition stats for mount "/media/Media\040Files" with statvfs error code: 2. Ignoring...

2024/09/23 (23:51:03) | ===> btop++ v.1.4.0
2024/09/23 (23:51:03) | WARNING: Failed to get disk/partition stats for mount "/media/Media\040Files" with statvfs error code: 2. Ignoring...

2024/09/24 (19:39:27) | ===> btop++ v.1.4.0
2024/09/24 (19:39:27) | WARNING: Failed to get disk/partition stats for mount "/media/Media\040Files" with statvfs error code: 2. Ignoring...

2024/09/26 (20:19:04) | ===> btop++ v.1.4.0
2024/09/26 (20:19:04) | WARNING: Failed to get disk/partition stats for mount "/media/Media\040Files" with statvfs error code: 2. Ignoring...

2024/09/27 (15:10:16) | ===> btop++ v.1.4.0
2024/09/27 (15:10:16) | WARNING: Failed to get disk/partition stats for mount "/media/Media\040Files" with statvfs error code: 2. Ignoring...

2024/10/03 (13:18:57) | ===> btop++ v.1.4.0
2024/10/03 (13:18:57) | WARNING: Failed to get disk/partition stats for mount "/media/Media\040Files" with statvfs error code: 2. Ignoring...

2024/10/06 (13:52:48) | ===> btop++ v.1.4.0
2024/10/06 (13:52:48) | WARNING: Failed to get disk/partition stats for mount "/media/Media\040Files" with statvfs error code: 2. Ignoring...

2024/10/06 (22:49:37) | ===> btop++ v.1.4.0
2024/10/06 (22:49:37) | WARNING: Failed to get disk/partition stats for mount "/media/Media\040Files" with statvfs error code: 2. Ignoring...

2024/10/08 (12:00:49) | ===> btop++ v.1.4.0
2024/10/08 (12:00:49) | WARNING: Failed to get disk/partition stats for mount "/media/Media\040Files" with statvfs error code: 2. Ignoring...

2024/10/08 (12:56:49) | ===> btop++ v.1.4.0
2024/10/08 (12:56:49) | WARNING: Failed to get disk/partition stats for mount "/media/Media\040Files" with statvfs error code: 2. Ignoring...

2024/10/08 (22:16:50) | ===> btop++ v.1.4.0
2024/10/08 (22:16:50) | WARNING: Failed to get disk/partition stats for mount "/media/Media\040Files" with statvfs error code: 2. Ignoring...

2024/10/09 (22:49:22) | ===> btop++ v.1.4.0
2024/10/09 (22:49:22) | WARNING: Failed to get disk/partition stats for mount "/media/Media\040Files" with statvfs error code: 2. Ignoring...

2024/10/09 (23:46:01) | ===> btop++ v.1.4.0
2024/10/09 (23:46:01) | WARNING: Failed to get disk/partition stats for mount "/media/Media\040Files" with statvfs error code: 2. Ignoring...

2024/10/13 (11:33:01) | ===> btop++ v.1.4.0
2024/10/13 (11:33:01) | WARNING: Failed to get disk/partition stats for mount "/media/Media\040Files" with statvfs error code: 2. Ignoring...

2024/10/13 (13:37:54) | ===> btop++ v.1.4.0
2024/10/13 (13:37:54) | WARNING: Failed to get disk/partition stats for mount "/media/Media\040Files" with statvfs error code: 2. Ignoring...

2024/10/13 (13:40:26) | ===> btop++ v.1.4.0
2024/10/13 (13:40:26) | WARNING: Failed to get disk/partition stats for mount "/media/Media\040Files" with statvfs error code: 2. Ignoring...

2024/10/14 (08:55:03) | ===> btop++ v.1.4.0
2024/10/14 (08:55:03) | WARNING: Failed to get disk/partition stats for mount "/media/Media\040Files" with statvfs error code: 2. Ignoring...

2024/10/14 (23:21:53) | ===> btop++ v.1.4.0
2024/10/14 (23:21:53) | WARNING: Failed to get disk/partition stats for mount "/media/Media\040Files" with statvfs error code: 2. Ignoring...

2024/10/15 (14:24:34) | ===> btop++ v.1.4.0
2024/10/15 (14:24:34) | WARNING: Failed to get disk/partition stats for mount "/media/Media\040Files" with statvfs error code: 2. Ignoring...

2024/10/15 (20:43:45) | ===> btop++ v.1.2.3
2024/10/15 (20:43:45) | WARNING: Invalid box name(s) in shown_boxes!

2024/10/15 (20:44:01) | ===> btop++ v.1.4.0
2024/10/15 (20:44:01) | WARNING: Failed to get disk/partition stats for mount "/media/Media\040Files" with statvfs error code: 2. Ignoring...

2024/10/16 (00:03:44) | ===> btop++ v.1.4.0
2024/10/16 (00:03:44) | WARNING: Failed to get disk/partition stats for mount "/media/Media\040Files" with statvfs error code: 2. Ignoring...

2024/10/16 (00:06:29) | ===> btop++ v.1.4.0
2024/10/16 (00:06:29) | WARNING: Failed to get disk/partition stats for mount "/media/Media\040Files" with statvfs error code: 2. Ignoring...

2024/10/16 (00:08:25) | ===> btop++ v.1.4.0
2024/10/16 (00:08:25) | WARNING: Failed to get disk/partition stats for mount "/media/Media\040Files" with statvfs error code: 2. Ignoring...

2024/10/20 (22:29:15) | ===> btop++ v.1.4.0
2024/10/20 (22:29:15) | WARNING: Failed to get disk/partition stats for mount "/media/Media\040Files" with statvfs error code: 2. Ignoring...

2024/10/21 (10:46:00) | ===> btop++ v.1.4.0
2024/10/21 (10:46:00) | WARNING: Failed to get disk/partition stats for mount "/media/Media\040Files" with statvfs error code: 2. Ignoring...

2024/10/21 (10:46:14) | ===> btop++ v.1.4.0
2024/10/21 (10:46:14) | WARNING: Failed to get disk/partition stats for mount "/media/Media\040Files" with statvfs error code: 2. Ignoring...
2024/10/21 (14:01:19) | ERROR: Stall in Runner thread, restarting!

2024/10/21 (16:39:03) | ===> btop++ v.1.4.0
2024/10/21 (16:39:03) | WARNING: Failed to get disk/partition stats for mount "/media/Media\040Files" with statvfs error code: 2. Ignoring...

2024/10/22 (00:22:15) | ===> btop++ v.1.4.0
2024/10/22 (00:22:15) | WARNING: Failed to get disk/partition stats for mount "/media/Media\040Files" with statvfs error code: 2. Ignoring...

2024/10/22 (19:53:57) | ===> btop++ v.1.4.0
2024/10/22 (19:53:57) | WARNING: Failed to get disk/partition stats for mount "/media/Media\040Files" with statvfs error code: 2. Ignoring...

2024/10/23 (00:08:43) | ===> btop++ v.1.4.0
2024/10/23 (00:08:43) | WARNING: Failed to get disk/partition stats for mount "/media/Media\040Files" with statvfs error code: 2. Ignoring...

2024/10/25 (21:11:53) | ===> btop++ v.1.4.0
2024/10/25 (21:11:53) | WARNING: Failed to get disk/partition stats for mount "/media/Media\040Files" with statvfs error code: 2. Ignoring...

2024/10/27 (13:02:52) | ===> btop++ v.1.4.0
2024/10/27 (13:02:52) | WARNING: Failed to get disk/partition stats for mount "/media/Media\040Files" with statvfs error code: 2. Ignoring...

2024/11/03 (10:23:07) | ===> btop++ v.1.4.0
2024/11/03 (10:23:07) | WARNING: Failed to get disk/partition stats for mount "/media/Media\040Files" with statvfs error code: 2. Ignoring...

2024/11/04 (12:24:59) | ===> btop++ v.1.4.0
2024/11/04 (12:24:59) | WARNING: Failed to get disk/partition stats for mount "/media/Media\040Files" with statvfs error code: 2. Ignoring...

2024/11/04 (12:27:51) | ===> btop++ v.1.4.0
2024/11/04 (12:27:51) | WARNING: Failed to get disk/partition stats for mount "/media/Media\040Files" with statvfs error code: 2. Ignoring...

2024/11/04 (12:30:14) | ===> btop++ v.1.4.0
2024/11/04 (12:30:14) | WARNING: Failed to get disk/partition stats for mount "/media/Media\040Files" with statvfs error code: 2. Ignoring...

2024/11/05 (11:37:08) | ===> btop++ v.1.4.0
2024/11/05 (11:37:08) | WARNING: Failed to get disk/partition stats for mount "/media/Media\040Files" with statvfs error code: 2. Ignoring...

2024/11/05 (11:42:35) | ===> btop++ v.1.4.0
2024/11/05 (11:42:35) | WARNING: Failed to get disk/partition stats for mount "/media/Media\040Files" with statvfs error code: 2. Ignoring...

2024/11/05 (11:52:36) | ===> btop++ v.1.4.0
2024/11/05 (11:52:36) | WARNING: Failed to get disk/partition stats for mount "/media/Media\040Files" with statvfs error code: 2. Ignoring...

2024/11/05 (12:00:12) | ===> btop++ v.1.4.0
2024/11/05 (12:00:12) | WARNING: Failed to get disk/partition stats for mount "/media/Media\040Files" with statvfs error code: 2. Ignoring...

2024/11/08 (21:13:34) | ===> btop++ v.1.4.0
2024/11/08 (21:13:34) | WARNING: Failed to get disk/partition stats for mount "/media/Media\040Files" with statvfs error code: 2. Ignoring...

2024/11/09 (02:11:53) | ===> btop++ v.1.4.0
2024/11/09 (02:11:53) | WARNING: Failed to get disk/partition stats for mount "/media/Media\040Files" with statvfs error code: 2. Ignoring...

2024/11/09 (02:13:27) | ===> btop++ v.1.4.0
2024/11/09 (02:13:27) | WARNING: Failed to get disk/partition stats for mount "/media/Media\040Files" with statvfs error code: 2. Ignoring...

2024/11/20 (23:28:07) | ===> btop++ v.1.4.0
2024/11/20 (23:28:07) | WARNING: Failed to get disk/partition stats for mount "/media/Media\040Files" with statvfs error code: 2. Ignoring...

2024/11/25 (00:57:09) | ===> btop++ v.1.4.0
2024/11/25 (00:57:09) | WARNING: Failed to get disk/partition stats for mount "/media/Media\040Files" with statvfs error code: 2. Ignoring...

2024/12/03 (11:05:07) | ===> btop++ v.1.4.0
2024/12/03 (11:05:07) | WARNING: Failed to get disk/partition stats for mount "/media/Media\040Files" with statvfs error code: 2. Ignoring...

2024/12/04 (16:12:57) | ===> btop++ v.1.4.0
2024/12/04 (16:12:57) | WARNING: Failed to get disk/partition stats for mount "/media/Media\040Files" with statvfs error code: 2. Ignoring...

2024/12/04 (16:12:57) | ===> btop++ v.1.4.0
2024/12/04 (16:12:57) | WARNING: Failed to get disk/partition stats for mount "/media/Media\040Files" with statvfs error code: 2. Ignoring...

2024/12/04 (16:12:57) | ===> btop++ v.1.4.0
2024/12/04 (16:12:57) | WARNING: Failed to get disk/partition stats for mount "/media/Media\040Files" with statvfs error code: 2. Ignoring...

2024/12/04 (16:12:58) | ===> btop++ v.1.4.0
2024/12/04 (16:12:58) | WARNING: Failed to get disk/partition stats for mount "/media/Media\040Files" with statvfs error code: 2. Ignoring...

2024/12/05 (17:48:51) | ===> btop++ v.1.4.0
2024/12/05 (17:48:51) | WARNING: Failed to get disk/partition stats for mount "/media/Media\040Files" with statvfs error code: 2. Ignoring...

2024/12/06 (01:04:34) | ===> btop++ v.1.4.0
2024/12/06 (01:04:34) | WARNING: Failed to get disk/partition stats for mount "/media/Media\040Files" with statvfs error code: 2. Ignoring...

2024/12/08 (23:26:13) | ===> btop++ v.1.4.0
2024/12/08 (23:26:13) | WARNING: Failed to get disk/partition stats for mount "/media/Media\040Files" with statvfs error code: 2. Ignoring...

2024/12/26 (21:46:43) | ===> btop++ v.1.4.0
2024/12/26 (21:46:43) | WARNING: Failed to get disk/partition stats for mount "/media/Media\040Files" with statvfs error code: 2. Ignoring...

2024/12/31 (13:20:35) | ===> btop++ v.1.4.0
2024/12/31 (13:20:35) | WARNING: Failed to get disk/partition stats for mount "/media/Media\040Files" with statvfs error code: 2. Ignoring...

2025/01/01 (13:54:42) | ===> btop++ v.1.4.0
2025/01/01 (13:54:42) | WARNING: Failed to get disk/partition stats for mount "/media/Media\040Files" with statvfs error code: 2. Ignoring...

2025/01/01 (14:14:27) | ===> btop++ v.1.4.0
2025/01/01 (14:14:27) | WARNING: Failed to get disk/partition stats for mount "/media/Media\040Files" with statvfs error code: 2. Ignoring...

2025/01/04 (20:51:33) | ===> btop++ v.1.4.0
2025/01/04 (20:51:33) | WARNING: Failed to get disk/partition stats for mount "/media/Media\040Files" with statvfs error code: 2. Ignoring...

2025/01/04 (21:43:12) | ===> btop++ v.1.4.0
2025/01/04 (21:43:12) | WARNING: Failed to get disk/partition stats for mount "/media/Media\040Files" with statvfs error code: 2. Ignoring...

2025/01/05 (17:56:51) | ===> btop++ v.1.4.0
2025/01/05 (17:56:51) | WARNING: Failed to get disk/partition stats for mount "/media/Media\040Files" with statvfs error code: 2. Ignoring...

2025/01/08 (11:25:50) | ===> btop++ v.1.4.0
2025/01/08 (11:25:50) | WARNING: Failed to get disk/partition stats for mount "/media/Media\040Files" with statvfs error code: 2. Ignoring...

2025/01/08 (11:28:46) | ===> btop++ v.1.4.0
2025/01/08 (11:28:46) | WARNING: Failed to get disk/partition stats for mount "/media/Media\040Files" with statvfs error code: 2. Ignoring...

2025/01/09 (16:00:59) | ===> btop++ v.1.4.0
2025/01/09 (16:00:59) | WARNING: Failed to get disk/partition stats for mount "/media/Media\040Files" with statvfs error code: 2. Ignoring...

2025/01/09 (16:04:07) | ===> btop++ v.1.4.0
2025/01/09 (16:04:07) | WARNING: Failed to get disk/partition stats for mount "/media/Media\040Files" with statvfs error code: 2. Ignoring...

2025/01/15 (22:56:33) | ===> btop++ v.1.4.0
2025/01/15 (22:56:33) | WARNING: Failed to get disk/partition stats for mount "/media/Media\040Files" with statvfs error code: 2. Ignoring...

2025/01/16 (09:38:55) | ===> btop++ v.1.4.0
2025/01/16 (09:38:55) | WARNING: Failed to get disk/partition stats for mount "/media/Media\040Files" with statvfs error code: 2. Ignoring...

2025/01/16 (09:39:13) | ===> btop++ v.1.4.0
2025/01/16 (09:39:13) | WARNING: Failed to get disk/partition stats for mount "/media/Media\040Files" with statvfs error code: 2. Ignoring...

2025/01/16 (11:02:54) | ===> btop++ v.1.4.0
2025/01/16 (11:02:54) | WARNING: Failed to get disk/partition stats for mount "/media/Media\040Files" with statvfs error code: 2. Ignoring...

2025/01/19 (16:01:28) | ===> btop++ v.1.4.0
2025/01/19 (16:01:28) | WARNING: Failed to get disk/partition stats for mount "/media/Media\040Files" with statvfs error code: 2. Ignoring...
2025/01/19 (16:21:37) | ERROR: Stall in Runner thread, restarting!

2025/01/20 (13:47:29) | ===> btop++ v.1.4.0
2025/01/20 (13:47:29) | WARNING: Failed to get disk/partition stats for mount "/media/Media\040Files" with statvfs error code: 2. Ignoring...

2025/01/20 (14:15:43) | ===> btop++ v.1.4.0
2025/01/20 (14:15:43) | WARNING: Failed to get disk/partition stats for mount "/media/Media\040Files" with statvfs error code: 2. Ignoring...

2025/01/21 (12:14:52) | ===> btop++ v.1.4.0
2025/01/21 (12:14:52) | WARNING: Failed to get disk/partition stats for mount "/media/Media\040Files" with statvfs error code: 2. Ignoring...

2025/01/25 (18:19:06) | ===> btop++ v.1.4.0
2025/01/25 (18:19:06) | WARNING: Failed to get disk/partition stats for mount "/media/Media\040Files" with statvfs error code: 2. Ignoring...

2025/01/25 (18:20:02) | ===> btop++ v.1.4.0
2025/01/25 (18:20:02) | WARNING: Failed to get disk/partition stats for mount "/media/Media\040Files" with statvfs error code: 2. Ignoring...

2025/01/25 (18:57:19) | ===> btop++ v.1.4.0
2025/01/25 (18:57:19) | WARNING: Failed to get disk/partition stats for mount "/media/Media\040Files" with statvfs error code: 2. Ignoring...

2025/01/26 (17:44:01) | ===> btop++ v.1.4.0
2025/01/26 (17:44:01) | WARNING: Failed to get disk/partition stats for mount "/media/Media\040Files" with statvfs error code: 2. Ignoring...

2025/01/26 (17:44:15) | ===> btop++ v.1.4.0
2025/01/26 (17:44:15) | WARNING: Failed to get disk/partition stats for mount "/media/Media\040Files" with statvfs error code: 2. Ignoring...

2025/02/03 (08:02:12) | ===> btop++ v.1.4.0
2025/02/03 (08:02:12) | WARNING: Failed to get disk/partition stats for mount "/media/Media\040Files" with statvfs error code: 2. Ignoring...

2025/02/03 (22:45:40) | ===> btop++ v.1.4.0
2025/02/03 (22:45:40) | WARNING: Failed to get disk/partition stats for mount "/media/Media\040Files" with statvfs error code: 2. Ignoring...

2025/02/03 (23:25:33) | ===> btop++ v.1.4.0
2025/02/03 (23:25:33) | WARNING: Failed to get disk/partition stats for mount "/media/Media\040Files" with statvfs error code: 2. Ignoring...

2025/02/11 (14:20:19) | ===> btop++ v.1.4.0
2025/02/11 (14:20:19) | WARNING: Failed to get disk/partition stats for mount "/media/Media\040Files" with statvfs error code: 2. Ignoring...

2025/02/28 (00:53:02) | ===> btop++ v.1.4.0
2025/02/28 (00:53:02) | WARNING: Failed to get disk/partition stats for mount "/media/Media\040Files" with statvfs error code: 2. Ignoring...
2025/02/28 (00:53:03) | WARNING: Failed to join _runner thread on exit!

2025/02/28 (00:53:27) | ===> btop++ v.1.4.0
2025/02/28 (00:53:27) | WARNING: Failed to get disk/partition stats for mount "/media/Media\040Files" with statvfs error code: 2. Ignoring...

2025/03/01 (09:49:19) | ===> btop++ v.1.4.0
2025/03/01 (09:49:19) | WARNING: Failed to get disk/partition stats for mount "/media/Media\040Files" with statvfs error code: 2. Ignoring...

2025/03/03 (12:31:14) | ===> btop++ v.1.4.0
2025/03/03 (12:31:14) | WARNING: Failed to get disk/partition stats for mount "/media/Media\040Files" with statvfs error code: 2. Ignoring...

2025/03/03 (12:39:41) | ===> btop++ v.1.4.0
2025/03/03 (12:39:41) | WARNING: Failed to get disk/partition stats for mount "/media/Media\040Files" with statvfs error code: 2. Ignoring...

2025/03/05 (11:39:44) | ===> btop++ v.1.4.0
2025/03/05 (11:39:44) | WARNING: Failed to get disk/partition stats for mount "/media/Media\040Files" with statvfs error code: 2. Ignoring...

2025/03/05 (11:39:54) | ===> btop++ v.1.4.0
2025/03/05 (11:39:54) | WARNING: Failed to get disk/partition stats for mount "/media/Media\040Files" with statvfs error code: 2. Ignoring...

2025/03/06 (18:09:26) | ===> btop++ v.1.4.0
2025/03/06 (18:09:26) | WARNING: Failed to get disk/partition stats for mount "/media/Media\040Files" with statvfs error code: 2. Ignoring...

2025/03/16 (23:11:13) | ===> btop++ v.1.4.0
2025/03/16 (23:11:13) | WARNING: Failed to get disk/partition stats for mount "/media/Media\040Files" with statvfs error code: 2. Ignoring...

2025/03/20 (15:54:49) | ===> btop++ v.1.4.0
2025/03/20 (15:54:49) | WARNING: Failed to get disk/partition stats for mount "/media/Media\040Files" with statvfs error code: 2. Ignoring...

2025/03/20 (20:30:16) | ===> btop++ v.1.4.0
2025/03/20 (20:30:16) | WARNING: Failed to get disk/partition stats for mount "/media/Media\040Files" with statvfs error code: 2. Ignoring...

2025/03/21 (12:25:36) | ===> btop++ v.1.4.0
2025/03/21 (12:25:36) | WARNING: Failed to get disk/partition stats for mount "/media/Media\040Files" with statvfs error code: 2. Ignoring...

2025/03/26 (23:30:39) | ===> btop++ v.1.4.0
2025/03/26 (23:30:39) | WARNING: Failed to get disk/partition stats for mount "/media/Media\040Files" with statvfs error code: 2. Ignoring...

2025/03/26 (23:32:40) | ===> btop++ v.1.4.0
2025/03/26 (23:32:40) | WARNING: Failed to get disk/partition stats for mount "/media/Media\040Files" with statvfs error code: 2. Ignoring...

2025/03/30 (00:15:14) | ===> btop++ v.1.4.0
2025/03/30 (00:15:14) | WARNING: Failed to get disk/partition stats for mount "/media/Media\040Files" with statvfs error code: 2. Ignoring...

2025/04/03 (00:21:07) | ===> btop++ v.1.4.0
2025/04/03 (00:21:07) | WARNING: Failed to get disk/partition stats for mount "/media/Media\040Files" with statvfs error code: 2. Ignoring...

2025/04/04 (11:25:44) | ===> btop++ v.1.4.0
2025/04/04 (11:25:44) | WARNING: Failed to get disk/partition stats for mount "/media/Media\040Files" with statvfs error code: 2. Ignoring...

2025/04/08 (16:39:30) | ===> btop++ v.1.4.0
2025/04/08 (16:39:30) | WARNING: Failed to get disk/partition stats for mount "/media/Media\040Files" with statvfs error code: 2. Ignoring...

2025/04/16 (17:00:38) | ===> btop++ v.1.4.0
2025/04/16 (17:00:38) | WARNING: Failed to get disk/partition stats for mount "/media/Media\040Files" with statvfs error code: 2. Ignoring...

2025/04/17 (22:24:36) | ===> btop++ v.1.4.0
2025/04/17 (22:24:36) | WARNING: Failed to get disk/partition stats for mount "/media/Media\040Files" with statvfs error code: 2. Ignoring...

2025/04/30 (19:27:25) | ===> btop++ v.1.4.0
2025/04/30 (19:27:25) | WARNING: Failed to get disk/partition stats for mount "/media/Media\040Files" with statvfs error code: 2. Ignoring...

2025/04/30 (21:18:25) | ===> btop++ v.1.4.0
2025/04/30 (21:18:25) | WARNING: Failed to get disk/partition stats for mount "/media/Media\040Files" with statvfs error code: 2. Ignoring...

2025/04/30 (21:33:20) | ===> btop++ v.1.4.0
2025/04/30 (21:33:20) | WARNING: Failed to get disk/partition stats for mount "/media/Media\040Files" with statvfs error code: 2. Ignoring...
2025/05/01 (00:45:04) | ERROR: Stall in Runner thread, restarting!
